Release 13.4 - xst O.87xd (lin64)
Copyright (c) 1995-2011 Xilinx, Inc.  All rights reserved.
--> 
Parameter TMPDIR set to xst/projnav.tmp


Total REAL time to Xst completion: 2.00 secs
Total CPU time to Xst completion: 0.05 secs
 
--> 
Parameter xsthdpdir set to xst


Total REAL time to Xst completion: 2.00 secs
Total CPU time to Xst completion: 0.05 secs
 
--> 
Reading design: fulladd4.prj

TABLE OF CONTENTS
  1) Synthesis Options Summary
  2) HDL Parsing
  3) HDL Elaboration
  4) HDL Synthesis
       4.1) HDL Synthesis Report
  5) Advanced HDL Synthesis
       5.1) Advanced HDL Synthesis Report
  6) Low Level Synthesis
  7) Partition Report
  8) Design Summary
       8.1) Primitive and Black Box Usage
       8.2) Device utilization summary
       8.3) Partition Resource Summary
       8.4) Timing Report
            8.4.1) Clock Information
            8.4.2) Asynchronous Control Signals Information
            8.4.3) Timing Summary
            8.4.4) Timing Details
            8.4.5) Cross Clock Domains Report


=========================================================================
*                      Synthesis Options Summary                        *
=========================================================================
---- Source Parameters
Input File Name                    : "fulladd4.prj"
Ignore Synthesis Constraint File   : NO

---- Target Parameters
Output File Name                   : "fulladd4"
Output Format                      : NGC
Target Device                      : xc6slx45-3-csg324

---- Source Options
Top Module Name                    : fulladd4
Automatic FSM Extraction           : YES
FSM Encoding Algorithm             : Auto
Safe Implementation                : No
FSM Style                          : LUT
RAM Extraction                     : Yes
RAM Style                          : Auto
ROM Extraction                     : Yes
Shift Register Extraction          : YES
ROM Style                          : Auto
Resource Sharing                   : YES
Asynchronous To Synchronous        : NO
Shift Register Minimum Size        : 2
Use DSP Block                      : Auto
Automatic Register Balancing       : No

---- Target Options
LUT Combining                      : Auto
Reduce Control Sets                : Auto
Add IO Buffers                     : YES
Global Maximum Fanout              : 100000
Add Generic Clock Buffer(BUFG)     : 16
Register Duplication               : YES
Optimize Instantiated Primitives   : NO
Use Clock Enable                   : Auto
Use Synchronous Set                : Auto
Use Synchronous Reset              : Auto
Pack IO Registers into IOBs        : Auto
Equivalent register Removal        : YES

---- General Options
Optimization Goal                  : Speed
Optimization Effort                : 1
Power Reduction                    : NO
Keep Hierarchy                     : No
Netlist Hierarchy                  : As_Optimized
RTL Output                         : Yes
Global Optimization                : AllClockNets
Read Cores                         : YES
Write Timing Constraints           : NO
Cross Clock Analysis               : NO
Hierarchy Separator                : /
Bus Delimiter                      : <>
Case Specifier                     : Maintain
Slice Utilization Ratio            : 100
BRAM Utilization Ratio             : 100
DSP48 Utilization Ratio            : 100
Auto BRAM Packing                  : NO
Slice Utilization Ratio Delta      : 5

=========================================================================

INFO:Xst - Part-select index evaluated to out of bound value may lead to incorrect synthesis results; it is recommended not to use them in RTL

=========================================================================
*                          HDL Parsing                                  *
=========================================================================
Analyzing Verilog file "/home/b/boyangwu/Downloads/tutorial_1/fulladd4.vf" into library work
Parsing module <fulladd_MUSER_fulladd4>.
Parsing module <fulladd4>.

=========================================================================
*                            HDL Elaboration                            *
=========================================================================

Elaborating module <fulladd4>.
WARNING:HDLCompiler:1127 - "/home/b/boyangwu/Downloads/tutorial_1/fulladd4.vf" Line 74: Assignment to S_out_DUMMY ignored, since the identifier is never used

Elaborating module <fulladd_MUSER_fulladd4>.

Elaborating module <AND2>.

Elaborating module <OR2>.

Elaborating module <XOR2>.
WARNING:HDLCompiler:1127 - "/home/b/boyangwu/Downloads/tutorial_1/fulladd4.vf" Line 79: Assignment to S_out_DUMMY ignored, since the identifier is never used
WARNING:HDLCompiler:1127 - "/home/b/boyangwu/Downloads/tutorial_1/fulladd4.vf" Line 84: Assignment to S_out_DUMMY ignored, since the identifier is never used
WARNING:HDLCompiler:1127 - "/home/b/boyangwu/Downloads/tutorial_1/fulladd4.vf" Line 89: Assignment to S_out_DUMMY ignored, since the identifier is never used
WARNING:HDLCompiler:1127 - "/home/b/boyangwu/Downloads/tutorial_1/fulladd4.vf" Line 94: Assignment to S_out_DUMMY ignored, since the identifier is never used

=========================================================================
*                           HDL Synthesis                               *
=========================================================================

Synthesizing Unit <fulladd4>.
    Related source file is "/home/b/boyangwu/Downloads/tutorial_1/fulladd4.vf".
WARNING:Xst:647 - Input <S_out<3:0>> is never used. This port will be preserved and left unconnected if it belongs to a top-level block or it belongs to a sub-block and the hierarchy of this sub-block is preserved.
INFO:Xst:3210 - "/home/b/boyangwu/Downloads/tutorial_1/fulladd4.vf" line 75: Output port <S_out> of the instance <XLXI_6> is unconnected or connected to loadless signal.
INFO:Xst:3210 - "/home/b/boyangwu/Downloads/tutorial_1/fulladd4.vf" line 80: Output port <S_out> of the instance <XLXI_7> is unconnected or connected to loadless signal.
INFO:Xst:3210 - "/home/b/boyangwu/Downloads/tutorial_1/fulladd4.vf" line 85: Output port <S_out> of the instance <XLXI_8> is unconnected or connected to loadless signal.
INFO:Xst:3210 - "/home/b/boyangwu/Downloads/tutorial_1/fulladd4.vf" line 90: Output port <S_out> of the instance <XLXI_9> is unconnected or connected to loadless signal.
    Summary:
	no macro.
Unit <fulladd4> synthesized.

Synthesizing Unit <fulladd_MUSER_fulladd4>.
    Related source file is "/home/b/boyangwu/Downloads/tutorial_1/fulladd4.vf".
    Summary:
	no macro.
Unit <fulladd_MUSER_fulladd4> synthesized.

=========================================================================
HDL Synthesis Report

Found no macro
=========================================================================

=========================================================================
*                       Advanced HDL Synthesis                          *
=========================================================================


=========================================================================
Advanced HDL Synthesis Report

Found no macro
=========================================================================

=========================================================================
*                         Low Level Synthesis                           *
=========================================================================

Optimizing unit <fulladd4> ...

Mapping all equations...
Building and optimizing final netlist ...
Found area constraint ratio of 100 (+ 5) on block fulladd4, actual ratio is 0.

Final Macro Processing ...

=========================================================================
Final Register Report

Found no macro
=========================================================================

=========================================================================
*                           Partition Report                            *
=========================================================================

Partition Implementation Status
-------------------------------

  No Partitions were found in this design.

-------------------------------

=========================================================================
*                            Design Summary                             *
=========================================================================

Top Level Output File Name         : fulladd4.ngc

Primitive and Black Box Usage:
------------------------------
# BELS                             : 20
#      AND2                        : 8
#      OR2                         : 4
#      XOR2                        : 8
# IO Buffers                       : 10
#      IBUF                        : 9
#      OBUF                        : 1

Device utilization summary:
---------------------------

Selected Device : 6slx45csg324-3 


Slice Logic Utilization: 

Slice Logic Distribution: 
 Number of LUT Flip Flop pairs used:      0
   Number with an unused Flip Flop:       0  out of      0         
   Number with an unused LUT:             0  out of      0         
   Number of fully used LUT-FF pairs:     0  out of      0         
   Number of unique control sets:         0

IO Utilization: 
 Number of IOs:                          14
 Number of bonded IOBs:                  10  out of    218     4%  

Specific Feature Utilization:

---------------------------
Partition Resource Summary:
---------------------------

  No Partitions were found in this design.

---------------------------


=========================================================================
Timing Report

NOTE: THESE TIMING NUMBERS ARE ONLY A SYNTHESIS ESTIMATE.
      FOR ACCURATE TIMING INFORMATION PLEASE REFER TO THE TRACE REPORT
      GENERATED AFTER PLACE-and-ROUTE.

Clock Information:
------------------
No clock signals found in this design

Asynchronous Control Signals Information:
----------------------------------------
No asynchronous control signals found in this design

Timing Summary:
---------------
Speed Grade: -3

   Minimum period: No path found
   Minimum input arrival time before clock: No path found
   Maximum output required time after clock: No path found
   Maximum combinational path delay: 14.880ns

Timing Details:
---------------
All values displayed in nanoseconds (ns)

=========================================================================
Timing constraint: Default path analysis
  Total number of paths / destination ports: 17 / 1
-------------------------------------------------------------------------
Delay:               14.880ns (Levels of Logic = 11)
  Source:            B_in<0> (PAD)
  Destination:       C_out (PAD)

  Data Path: B_in<0> to C_out
                                Gate     Net
    Cell:in->out      fanout   Delay   Delay  Logical Name (Net Name)
    ----------------------------------------  ------------
     IBUF:I->O             2   1.222   0.981  B_in_0_IBUF (B_in_0_IBUF)
     XOR2:I0->O            2   0.203   0.961  XLXI_6/XLXI_5 (XLXI_6/XLXN_1)
     AND2:I1->O            1   0.223   0.924  XLXI_6/XLXI_1 (XLXI_6/XLXN_12)
     OR2:I1->O             2   0.223   0.981  XLXI_6/XLXI_3 (XLXN_19)
     AND2:I0->O            1   0.203   0.924  XLXI_7/XLXI_1 (XLXI_7/XLXN_12)
     OR2:I1->O             2   0.223   0.981  XLXI_7/XLXI_3 (XLXN_18)
     AND2:I0->O            1   0.203   0.924  XLXI_8/XLXI_1 (XLXI_8/XLXN_12)
     OR2:I1->O             2   0.223   0.981  XLXI_8/XLXI_3 (XLXN_17)
     AND2:I0->O            1   0.203   0.924  XLXI_9/XLXI_1 (XLXI_9/XLXN_12)
     OR2:I1->O             1   0.223   0.579  XLXI_9/XLXI_3 (C_out_OBUF)
     OBUF:I->O                 2.571          C_out_OBUF (C_out)
    ----------------------------------------
    Total                     14.880ns (5.720ns logic, 9.161ns route)
                                       (38.4% logic, 61.6% route)

=========================================================================

Cross Clock Domains Report:
--------------------------

=========================================================================


Total REAL time to Xst completion: 9.00 secs
Total CPU time to Xst completion: 4.29 secs
 
--> 


Total memory usage is 1614140 kilobytes

Number of errors   :    0 (   0 filtered)
Number of warnings :    6 (   0 filtered)
Number of infos    :    5 (   0 filtered)

