Running: C:\Xilinx\14.7\ISE_DS\ISE\bin\nt64\unwrapped\fuse.exe -intstyle ise -incremental -lib unisims_ver -lib unimacro_ver -lib xilinxcorelib_ver -lib secureip -o C:/Users/Bo/Dropbox/School/Spring 2018/CDA 4203L Computer System Design Lab/Lab 1 - Introduction to Schematic Capture/tutorial_1/fulladd4_fulladd4_sch_tb_isim_beh.exe -prj C:/Users/Bo/Dropbox/School/Spring 2018/CDA 4203L Computer System Design Lab/Lab 1 - Introduction to Schematic Capture/tutorial_1/fulladd4_fulladd4_sch_tb_beh.prj work.fulladd4_fulladd4_sch_tb work.glbl 
ISim P.20131013 (signature 0x7708f090)
Number of CPUs detected in this system: 4
Turning on mult-threading, number of parallel sub-compilation jobs: 8 
Determining compilation order of HDL files
Analyzing Verilog file "C:/Users/Bo/Dropbox/School/Spring 2018/CDA 4203L Computer System Design Lab/Lab 1 - Introduction to Schematic Capture/tutorial_1/fulladd.vf" into library work
Analyzing Verilog file "C:/Users/Bo/Dropbox/School/Spring 2018/CDA 4203L Computer System Design Lab/Lab 1 - Introduction to Schematic Capture/tutorial_1/fulladd4.vf" into library work
Analyzing Verilog file "C:/Users/Bo/Dropbox/School/Spring 2018/CDA 4203L Computer System Design Lab/Lab 1 - Introduction to Schematic Capture/tutorial_1/fulladd4_testbench.v" into library work
Analyzing Verilog file "C:/Xilinx/14.7/ISE_DS/ISE//verilog/src/glbl.v" into library work
Starting static elaboration
Completed static elaboration
Compiling module AND2
Compiling module OR2
Compiling module XOR2
Compiling module fulladd_MUSER_fulladd4
Compiling module fulladd4
Compiling module fulladd4_fulladd4_sch_tb
Compiling module glbl
Time Resolution for simulation is 1ps.
Compiled 7 Verilog Units
Built simulation executable C:/Users/Bo/Dropbox/School/Spring 2018/CDA 4203L Computer System Design Lab/Lab 1 - Introduction to Schematic Capture/tutorial_1/fulladd4_fulladd4_sch_tb_isim_beh.exe
Fuse Memory Usage: 26644 KB
Fuse CPU Usage: 468 ms
