Command line:
   fulladd4_fulladd4_sch_tb_isim_beh.exe
     -simmode  gui
     -simrunnum  0
     -socket  14283

Fri Feb 09 16:40:50 2018


 Elaboration Time: 0.03125 sec

 Current Memory Usage: 1034.81 Meg

 Total Signals          : 115
 Total Nets             : 42
 Total Signal Drivers   : 28
 Total Blocks           : 27
 Total Primitive Blocks : 21
 Total Processes        : 30
 Total Traceable Variables  : 21
 Total Scalar Nets and Variables : 131
Total Line Count : 27

 Total Simulation Time: 0.03125 sec

 Current Memory Usage: 1034.81 Meg

Fri Feb 09 16:41:15 2018

