Running: fuse.exe -relaunch -intstyle "ise" -incremental -lib "unisims_ver" -lib "unimacro_ver" -lib "xilinxcorelib_ver" -lib "secureip" -o "C:/Users/Warren/Desktop/Lab4 TESTBENCH WORKING_FINAL/Lab4 COMPLETELY WORKING - Copy (2)/Lab4/Lab4_test_isim_beh.exe" -prj "C:/Users/Warren/Desktop/Lab4 TESTBENCH WORKING_FINAL/Lab4 COMPLETELY WORKING - Copy (2)/Lab4/Lab4_test_beh.prj" "work.Lab4_test" "work.glbl" 
ISim P.20131013 (signature 0x7708f090)
Number of CPUs detected in this system: 8
Turning on mult-threading, number of parallel sub-compilation jobs: 16 
Determining compilation order of HDL files
Analyzing Verilog file "C:/Users/Warren/Desktop/Lab4 TESTBENCH WORKING_FINAL/Lab4 COMPLETELY WORKING - Copy (2)/Lab4/debounce.v" into library work
Analyzing Verilog file "C:/Users/Warren/Desktop/Lab4 TESTBENCH WORKING_FINAL/Lab4 COMPLETELY WORKING - Copy (2)/Lab4/Lab4.v" into library work
Analyzing Verilog file "C:/Users/Warren/Desktop/Lab4 TESTBENCH WORKING_FINAL/Lab4 COMPLETELY WORKING - Copy (2)/Lab4/Lab4_test.v" into library work
Analyzing Verilog file "C:/Xilinx/14.7/ISE_DS/ISE//verilog/src/glbl.v" into library work
Starting static elaboration
WARNING:HDLCompiler:1007 - "C:/Users/Warren/Desktop/Lab4 TESTBENCH WORKING_FINAL/Lab4 COMPLETELY WORKING - Copy (2)/Lab4/debounce.v" Line 13: Element index -1 into shift is out of bounds
Completed static elaboration
Compiling module debounce
Compiling module Lab4
Compiling module Lab4_test
Compiling module glbl
Time Resolution for simulation is 1ps.
WARNING:Simulator - Unable to copy libPortabilityNOSH.dll to the simulation executable directory: boost::filesystem::copy_file: The system cannot find the path specified, "isim\Lab4_test_isim_beh.exe.sim\libPortability.dll".
Compiled 4 Verilog Units
Built simulation executable C:/Users/Warren/Desktop/Lab4 TESTBENCH WORKING_FINAL/Lab4 COMPLETELY WORKING - Copy (2)/Lab4/Lab4_test_isim_beh.exe
Fuse Memory Usage: 28008 KB
Fuse CPU Usage: 452 ms
