Command line:
   Lab3_isim_beh.exe
     -simmode  gui
     -simrunnum  0
     -socket  32677

Sun Feb 18 15:54:12 2018


 Elaboration Time: 0.03125 sec

 Current Memory Usage: 1034.24 Meg

 Total Signals          : 16
 Total Nets             : 30
 Total Signal Drivers   : 7
 Total Blocks           : 2
 Total Primitive Blocks : 2
 Total Processes        : 9
 Total Traceable Variables  : 21
 Total Scalar Nets and Variables : 150
Total Line Count : 31

 Total Simulation Time: 0.046875 sec

 Current Memory Usage: 1034.24 Meg

Sun Feb 18 15:54:15 2018

