Release 14.7 - xst P.20131013 (nt64)
Copyright (c) 1995-2013 Xilinx, Inc.  All rights reserved.
--> Parameter TMPDIR set to xst/projnav.tmp


Total REAL time to Xst completion: 0.00 secs
Total CPU time to Xst completion: 0.06 secs
 
--> Parameter xsthdpdir set to xst


Total REAL time to Xst completion: 0.00 secs
Total CPU time to Xst completion: 0.06 secs
 
--> Reading design: Lab3.prj

TABLE OF CONTENTS
  1) Synthesis Options Summary
  2) HDL Parsing
  3) HDL Elaboration
  4) HDL Synthesis
       4.1) HDL Synthesis Report
  5) Advanced HDL Synthesis
       5.1) Advanced HDL Synthesis Report
  6) Low Level Synthesis
  7) Partition Report
  8) Design Summary
       8.1) Primitive and Black Box Usage
       8.2) Device utilization summary
       8.3) Partition Resource Summary
       8.4) Timing Report
            8.4.1) Clock Information
            8.4.2) Asynchronous Control Signals Information
            8.4.3) Timing Summary
            8.4.4) Timing Details
            8.4.5) Cross Clock Domains Report


=========================================================================
*                      Synthesis Options Summary                        *
=========================================================================
---- Source Parameters
Input File Name                    : "Lab3.prj"
Ignore Synthesis Constraint File   : NO

---- Target Parameters
Output File Name                   : "Lab3"
Output Format                      : NGC
Target Device                      : xc6slx45-3-csg484

---- Source Options
Top Module Name                    : Lab3
Automatic FSM Extraction           : YES
FSM Encoding Algorithm             : Auto
Safe Implementation                : No
FSM Style                          : LUT
RAM Extraction                     : Yes
RAM Style                          : Auto
ROM Extraction                     : Yes
Shift Register Extraction          : YES
ROM Style                          : Auto
Resource Sharing                   : YES
Asynchronous To Synchronous        : NO
Shift Register Minimum Size        : 2
Use DSP Block                      : Auto
Automatic Register Balancing       : No

---- Target Options
LUT Combining                      : Auto
Reduce Control Sets                : Auto
Add IO Buffers                     : YES
Global Maximum Fanout              : 100000
Add Generic Clock Buffer(BUFG)     : 16
Register Duplication               : YES
Optimize Instantiated Primitives   : NO
Use Clock Enable                   : Auto
Use Synchronous Set                : Auto
Use Synchronous Reset              : Auto
Pack IO Registers into IOBs        : Auto
Equivalent register Removal        : YES

---- General Options
Optimization Goal                  : Speed
Optimization Effort                : 1
Power Reduction                    : NO
Keep Hierarchy                     : No
Netlist Hierarchy                  : As_Optimized
RTL Output                         : Yes
Global Optimization                : AllClockNets
Read Cores                         : YES
Write Timing Constraints           : NO
Cross Clock Analysis               : NO
Hierarchy Separator                : /
Bus Delimiter                      : <>
Case Specifier                     : Maintain
Slice Utilization Ratio            : 100
BRAM Utilization Ratio             : 100
DSP48 Utilization Ratio            : 100
Auto BRAM Packing                  : NO
Slice Utilization Ratio Delta      : 5

=========================================================================


=========================================================================
*                          HDL Parsing                                  *
=========================================================================
Analyzing Verilog file "C:\Users\Warren\Documents\_School\Computer System\Labs\Project3FINAL\lab3final.v" into library work
Parsing module <Lab3>.

=========================================================================
*                            HDL Elaboration                            *
=========================================================================

Elaborating module <Lab3>.
WARNING:HDLCompiler:413 - "C:\Users\Warren\Documents\_School\Computer System\Labs\Project3FINAL\lab3final.v" Line 22: Result of 5-bit expression is truncated to fit in 4-bit target.
WARNING:HDLCompiler:413 - "C:\Users\Warren\Documents\_School\Computer System\Labs\Project3FINAL\lab3final.v" Line 25: Result of 5-bit expression is truncated to fit in 4-bit target.

=========================================================================
*                           HDL Synthesis                               *
=========================================================================

Synthesizing Unit <Lab3>.
    Related source file is "C:\Users\Warren\Documents\_School\Computer System\Labs\Project3FINAL\lab3final.v".
    Found 4-bit register for signal <digit1>.
    Found 4-bit register for signal <digit2>.
    Found 32-bit register for signal <i>.
    Found 32-bit subtractor for signal <i[31]_GND_1_o_sub_11_OUT> created at line 21.
    Found 4-bit adder for signal <_n0064> created at line 22.
    Found 4-bit adder for signal <_n0058> created at line 25.
    Found 32-bit comparator greater for signal <i[31]_GND_1_o_LessThan_10_o> created at line 20
    Summary:
	inferred   3 Adder/Subtractor(s).
	inferred  40 D-type flip-flop(s).
	inferred   1 Comparator(s).
	inferred   8 Multiplexer(s).
Unit <Lab3> synthesized.

=========================================================================
HDL Synthesis Report

Macro Statistics
# Adders/Subtractors                                   : 3
 32-bit subtractor                                     : 1
 4-bit adder                                           : 2
# Registers                                            : 3
 32-bit register                                       : 1
 4-bit register                                        : 2
# Comparators                                          : 1
 32-bit comparator greater                             : 1
# Multiplexers                                         : 8
 32-bit 2-to-1 multiplexer                             : 3
 4-bit 2-to-1 multiplexer                              : 5

=========================================================================

=========================================================================
*                       Advanced HDL Synthesis                          *
=========================================================================


=========================================================================
Advanced HDL Synthesis Report

Macro Statistics
# Adders/Subtractors                                   : 3
 32-bit subtractor                                     : 1
 4-bit adder                                           : 2
# Registers                                            : 40
 Flip-Flops                                            : 40
# Comparators                                          : 1
 32-bit comparator greater                             : 1
# Multiplexers                                         : 8
 32-bit 2-to-1 multiplexer                             : 3
 4-bit 2-to-1 multiplexer                              : 5

=========================================================================

=========================================================================
*                         Low Level Synthesis                           *
=========================================================================

Optimizing unit <Lab3> ...

Mapping all equations...
Building and optimizing final netlist ...
Found area constraint ratio of 100 (+ 5) on block Lab3, actual ratio is 0.

Final Macro Processing ...

=========================================================================
Final Register Report

Macro Statistics
# Registers                                            : 40
 Flip-Flops                                            : 40

=========================================================================

=========================================================================
*                           Partition Report                            *
=========================================================================

Partition Implementation Status
-------------------------------

  No Partitions were found in this design.

-------------------------------

=========================================================================
*                            Design Summary                             *
=========================================================================

Top Level Output File Name         : Lab3.ngc

Primitive and Black Box Usage:
------------------------------
# BELS                             : 176
#      GND                         : 1
#      LUT2                        : 4
#      LUT3                        : 25
#      LUT4                        : 6
#      LUT5                        : 33
#      LUT6                        : 34
#      MUXCY                       : 39
#      MUXF7                       : 1
#      VCC                         : 1
#      XORCY                       : 32
# FlipFlops/Latches                : 40
#      FD                          : 37
#      FDR                         : 3
# Clock Buffers                    : 1
#      BUFGP                       : 1
# IO Buffers                       : 16
#      IBUF                        : 8
#      OBUF                        : 8

Device utilization summary:
---------------------------

Selected Device : 6slx45csg484-3 


Slice Logic Utilization: 
 Number of Slice Registers:              40  out of  54576     0%  
 Number of Slice LUTs:                  102  out of  27288     0%  
    Number used as Logic:               102  out of  27288     0%  

Slice Logic Distribution: 
 Number of LUT Flip Flop pairs used:    102
   Number with an unused Flip Flop:      62  out of    102    60%  
   Number with an unused LUT:             0  out of    102     0%  
   Number of fully used LUT-FF pairs:    40  out of    102    39%  
   Number of unique control sets:         2

IO Utilization: 
 Number of IOs:                          17
 Number of bonded IOBs:                  17  out of    320     5%  

Specific Feature Utilization:
 Number of BUFG/BUFGCTRLs:                1  out of     16     6%  

---------------------------
Partition Resource Summary:
---------------------------

  No Partitions were found in this design.

---------------------------


=========================================================================
Timing Report

NOTE: THESE TIMING NUMBERS ARE ONLY A SYNTHESIS ESTIMATE.
      FOR ACCURATE TIMING INFORMATION PLEASE REFER TO THE TRACE REPORT
      GENERATED AFTER PLACE-and-ROUTE.

Clock Information:
------------------
-----------------------------------+------------------------+-------+
Clock Signal                       | Clock buffer(FF name)  | Load  |
-----------------------------------+------------------------+-------+
CLK                                | BUFGP                  | 40    |
-----------------------------------+------------------------+-------+

Asynchronous Control Signals Information:
----------------------------------------
No asynchronous control signals found in this design

Timing Summary:
---------------
Speed Grade: -3

   Minimum period: 6.859ns (Maximum Frequency: 145.796MHz)
   Minimum input arrival time before clock: 8.228ns
   Maximum output required time after clock: 4.067ns
   Maximum combinational path delay: No path found

Timing Details:
---------------
All values displayed in nanoseconds (ns)

=========================================================================
Timing constraint: Default period analysis for Clock 'CLK'
  Clock period: 6.859ns (frequency: 145.796MHz)
  Total number of paths / destination ports: 10916 / 43
-------------------------------------------------------------------------
Delay:               6.859ns (Levels of Logic = 12)
  Source:            digit1_2 (FF)
  Destination:       digit2_1 (FF)
  Source Clock:      CLK rising
  Destination Clock: CLK rising

  Data Path: digit1_2 to digit2_1
                                Gate     Net
    Cell:in->out      fanout   Delay   Delay  Logical Name (Net Name)
    ----------------------------------------  ------------
     FDR:C->Q             10   0.447   1.221  digit1_2 (digit1_2)
     LUT6:I0->O            9   0.203   0.830  Mmux_i[31]_PWR_1_o_mux_7_OUT271_SW0 (N34)
     LUT6:I5->O            1   0.205   0.924  Mmux_i[31]_PWR_1_o_mux_7_OUT11 (i[31]_PWR_1_o_mux_7_OUT<0>)
     LUT5:I0->O            1   0.203   0.000  Mcompar_i[31]_GND_1_o_LessThan_10_o_lut<0> (Mcompar_i[31]_GND_1_o_LessThan_10_o_lut<0>)
     MUXCY:S->O            1   0.172   0.000  Mcompar_i[31]_GND_1_o_LessThan_10_o_cy<0> (Mcompar_i[31]_GND_1_o_LessThan_10_o_cy<0>)
     MUXCY:CI->O           1   0.019   0.000  Mcompar_i[31]_GND_1_o_LessThan_10_o_cy<1> (Mcompar_i[31]_GND_1_o_LessThan_10_o_cy<1>)
     MUXCY:CI->O           1   0.019   0.000  Mcompar_i[31]_GND_1_o_LessThan_10_o_cy<2> (Mcompar_i[31]_GND_1_o_LessThan_10_o_cy<2>)
     MUXCY:CI->O           1   0.019   0.000  Mcompar_i[31]_GND_1_o_LessThan_10_o_cy<3> (Mcompar_i[31]_GND_1_o_LessThan_10_o_cy<3>)
     MUXCY:CI->O           1   0.019   0.000  Mcompar_i[31]_GND_1_o_LessThan_10_o_cy<4> (Mcompar_i[31]_GND_1_o_LessThan_10_o_cy<4>)
     MUXCY:CI->O           1   0.019   0.000  Mcompar_i[31]_GND_1_o_LessThan_10_o_cy<5> (Mcompar_i[31]_GND_1_o_LessThan_10_o_cy<5>)
     MUXCY:CI->O          43   0.019   1.449  Mcompar_i[31]_GND_1_o_LessThan_10_o_cy<6> (Mcompar_i[31]_GND_1_o_LessThan_10_o_cy<6>)
     LUT6:I5->O            1   0.205   0.580  _n00741 (_n0074)
     LUT6:I5->O            1   0.205   0.000  digit2_1_rstpot (digit2_1_rstpot)
     FD:D                      0.102          digit2_1
    ----------------------------------------
    Total                      6.859ns (1.856ns logic, 5.003ns route)
                                       (27.1% logic, 72.9% route)

=========================================================================
Timing constraint: Default OFFSET IN BEFORE for Clock 'CLK'
  Total number of paths / destination ports: 2975 / 43
-------------------------------------------------------------------------
Offset:              8.228ns (Levels of Logic = 12)
  Source:            run (PAD)
  Destination:       digit2_1 (FF)
  Destination Clock: CLK rising

  Data Path: run to digit2_1
                                Gate     Net
    Cell:in->out      fanout   Delay   Delay  Logical Name (Net Name)
    ----------------------------------------  ------------
     IBUF:I->O            90   1.222   2.156  run_IBUF (run_IBUF)
     LUT5:I0->O            5   0.203   0.715  GND_1_o_GND_1_o_AND_1_o11 (GND_1_o_GND_1_o_AND_1_o1)
     LUT6:I5->O            5   0.205   0.715  GND_1_o_GND_1_o_AND_1_o2_1 (GND_1_o_GND_1_o_AND_1_o2)
     LUT6:I5->O            1   0.205   0.000  Mcompar_i[31]_GND_1_o_LessThan_10_o_lut<1> (Mcompar_i[31]_GND_1_o_LessThan_10_o_lut<1>)
     MUXCY:S->O            1   0.172   0.000  Mcompar_i[31]_GND_1_o_LessThan_10_o_cy<1> (Mcompar_i[31]_GND_1_o_LessThan_10_o_cy<1>)
     MUXCY:CI->O           1   0.019   0.000  Mcompar_i[31]_GND_1_o_LessThan_10_o_cy<2> (Mcompar_i[31]_GND_1_o_LessThan_10_o_cy<2>)
     MUXCY:CI->O           1   0.019   0.000  Mcompar_i[31]_GND_1_o_LessThan_10_o_cy<3> (Mcompar_i[31]_GND_1_o_LessThan_10_o_cy<3>)
     MUXCY:CI->O           1   0.019   0.000  Mcompar_i[31]_GND_1_o_LessThan_10_o_cy<4> (Mcompar_i[31]_GND_1_o_LessThan_10_o_cy<4>)
     MUXCY:CI->O           1   0.019   0.000  Mcompar_i[31]_GND_1_o_LessThan_10_o_cy<5> (Mcompar_i[31]_GND_1_o_LessThan_10_o_cy<5>)
     MUXCY:CI->O          43   0.019   1.449  Mcompar_i[31]_GND_1_o_LessThan_10_o_cy<6> (Mcompar_i[31]_GND_1_o_LessThan_10_o_cy<6>)
     LUT6:I5->O            1   0.205   0.580  _n00741 (_n0074)
     LUT6:I5->O            1   0.205   0.000  digit2_1_rstpot (digit2_1_rstpot)
     FD:D                      0.102          digit2_1
    ----------------------------------------
    Total                      8.228ns (2.614ns logic, 5.614ns route)
                                       (31.8% logic, 68.2% route)

=========================================================================
Timing constraint: Default OFFSET OUT AFTER for Clock 'CLK'
  Total number of paths / destination ports: 8 / 8
-------------------------------------------------------------------------
Offset:              4.067ns (Levels of Logic = 1)
  Source:            digit2_3 (FF)
  Destination:       digit2<3> (PAD)
  Source Clock:      CLK rising

  Data Path: digit2_3 to digit2<3>
                                Gate     Net
    Cell:in->out      fanout   Delay   Delay  Logical Name (Net Name)
    ----------------------------------------  ------------
     FD:C->Q              18   0.447   1.049  digit2_3 (digit2_3)
     OBUF:I->O                 2.571          digit2_3_OBUF (digit2<3>)
    ----------------------------------------
    Total                      4.067ns (3.018ns logic, 1.049ns route)
                                       (74.2% logic, 25.8% route)

=========================================================================

Cross Clock Domains Report:
--------------------------

Clock to Setup on destination clock CLK
---------------+---------+---------+---------+---------+
               | Src:Rise| Src:Fall| Src:Rise| Src:Fall|
Source Clock   |Dest:Rise|Dest:Rise|Dest:Fall|Dest:Fall|
---------------+---------+---------+---------+---------+
CLK            |    6.859|         |         |         |
---------------+---------+---------+---------+---------+

=========================================================================


Total REAL time to Xst completion: 4.00 secs
Total CPU time to Xst completion: 3.84 secs
 
--> 

Total memory usage is 314160 kilobytes

Number of errors   :    0 (   0 filtered)
Number of warnings :    2 (   0 filtered)
Number of infos    :    0 (   0 filtered)

