Release 14.7 - xst P.20131013 (nt64)
Copyright (c) 1995-2013 Xilinx, Inc.  All rights reserved.
--> Parameter TMPDIR set to xst/projnav.tmp


Total REAL time to Xst completion: 0.00 secs
Total CPU time to Xst completion: 0.18 secs
 
--> Parameter xsthdpdir set to xst


Total REAL time to Xst completion: 0.00 secs
Total CPU time to Xst completion: 0.18 secs
 
--> Reading design: Lab5_seq.prj

TABLE OF CONTENTS
  1) Synthesis Options Summary
  2) HDL Parsing
  3) HDL Elaboration
  4) HDL Synthesis
       4.1) HDL Synthesis Report
  5) Advanced HDL Synthesis
       5.1) Advanced HDL Synthesis Report
  6) Low Level Synthesis
  7) Partition Report
  8) Design Summary
       8.1) Primitive and Black Box Usage
       8.2) Device utilization summary
       8.3) Partition Resource Summary
       8.4) Timing Report
            8.4.1) Clock Information
            8.4.2) Asynchronous Control Signals Information
            8.4.3) Timing Summary
            8.4.4) Timing Details
            8.4.5) Cross Clock Domains Report


=========================================================================
*                      Synthesis Options Summary                        *
=========================================================================
---- Source Parameters
Input File Name                    : "Lab5_seq.prj"
Ignore Synthesis Constraint File   : NO

---- Target Parameters
Output File Name                   : "Lab5_seq"
Output Format                      : NGC
Target Device                      : xc6slx45-3-csg484

---- Source Options
Top Module Name                    : Lab5_seq
Automatic FSM Extraction           : YES
FSM Encoding Algorithm             : Auto
Safe Implementation                : No
FSM Style                          : LUT
RAM Extraction                     : Yes
RAM Style                          : Auto
ROM Extraction                     : Yes
Shift Register Extraction          : YES
ROM Style                          : Auto
Resource Sharing                   : YES
Asynchronous To Synchronous        : NO
Shift Register Minimum Size        : 2
Use DSP Block                      : Auto
Automatic Register Balancing       : No

---- Target Options
LUT Combining                      : Auto
Reduce Control Sets                : Auto
Add IO Buffers                     : YES
Global Maximum Fanout              : 100000
Add Generic Clock Buffer(BUFG)     : 16
Register Duplication               : YES
Optimize Instantiated Primitives   : NO
Use Clock Enable                   : Auto
Use Synchronous Set                : Auto
Use Synchronous Reset              : Auto
Pack IO Registers into IOBs        : Auto
Equivalent register Removal        : YES

---- General Options
Optimization Goal                  : Speed
Optimization Effort                : 1
Power Reduction                    : NO
Keep Hierarchy                     : No
Netlist Hierarchy                  : As_Optimized
RTL Output                         : Yes
Global Optimization                : AllClockNets
Read Cores                         : YES
Write Timing Constraints           : NO
Cross Clock Analysis               : NO
Hierarchy Separator                : /
Bus Delimiter                      : <>
Case Specifier                     : Maintain
Slice Utilization Ratio            : 100
BRAM Utilization Ratio             : 100
DSP48 Utilization Ratio            : 100
Auto BRAM Packing                  : NO
Slice Utilization Ratio Delta      : 5

=========================================================================


=========================================================================
*                          HDL Parsing                                  *
=========================================================================
Analyzing Verilog file "C:\Users\Warren\Desktop\Lab5_tosubmit - Copy\Lab5_tosubmit\TestBench_AllFiles\subtractor_4bit.v" into library work
Parsing module <subtractor_4bit>.
Analyzing Verilog file "C:\Users\Warren\Desktop\Lab5_tosubmit - Copy\Lab5_tosubmit\TestBench_AllFiles\register_4bit.v" into library work
Parsing module <register_4bit>.
Analyzing Verilog file "C:\Users\Warren\Desktop\Lab5_tosubmit - Copy\Lab5_tosubmit\TestBench_AllFiles\notequal_4bit.v" into library work
Parsing module <notequal_4bit>.
Analyzing Verilog file "C:\Users\Warren\Desktop\Lab5_tosubmit - Copy\Lab5_tosubmit\TestBench_AllFiles\mux_2to1_4bit.v" into library work
Parsing module <mux_2to1_4bit>.
Analyzing Verilog file "C:\Users\Warren\Desktop\Lab5_tosubmit - Copy\Lab5_tosubmit\TestBench_AllFiles\lessthan_4bit.v" into library work
Parsing module <lessthan_4bit>.
Analyzing Verilog file "C:\Users\Warren\Desktop\Lab5_tosubmit - Copy\Lab5_tosubmit\TestBench_AllFiles\Lab5.v" into library work
Parsing module <Lab5>.
Analyzing Verilog file "C:\Users\Warren\Desktop\Lab5_tosubmit - Copy\Lab5_tosubmit\TestBench_AllFiles\Lab5_seq.v" into library work
Parsing module <Lab5_seq>.

=========================================================================
*                            HDL Elaboration                            *
=========================================================================

Elaborating module <Lab5_seq>.

Elaborating module <Lab5>.

Elaborating module <notequal_4bit>.

Elaborating module <lessthan_4bit>.

Elaborating module <mux_2to1_4bit>.

Elaborating module <register_4bit>.

Elaborating module <subtractor_4bit>.

=========================================================================
*                           HDL Synthesis                               *
=========================================================================

Synthesizing Unit <Lab5_seq>.
    Related source file is "C:\Users\Warren\Desktop\Lab5_tosubmit - Copy\Lab5_tosubmit\TestBench_AllFiles\Lab5_seq.v".
        s0 = 4'b0000
        s1 = 4'b0001
        s2 = 4'b0010
        s3 = 4'b0011
        s4 = 4'b0100
        s5 = 4'b0101
        s6 = 4'b0110
        s7 = 4'b0111
        s8 = 4'b1000
        s9 = 4'b1001
        s10 = 4'b1010
        s11 = 4'b1011
        s12 = 4'b1100
    Found 1-bit register for signal <xneqy>.
    Found 1-bit register for signal <xlty>.
    Found 1-bit register for signal <ysel>.
    Found 1-bit register for signal <yld>.
    Found 1-bit register for signal <xsel>.
    Found 1-bit register for signal <xld>.
    Found 4-bit register for signal <xval>.
    Found 4-bit register for signal <yval>.
    Found 4-bit register for signal <xmux>.
    Found 4-bit register for signal <ymux>.
    Found 1-bit register for signal <Done>.
    Found 1-bit register for signal <y_sel>.
    Found 1-bit register for signal <x_sel>.
    Found 1-bit register for signal <y_ld>.
    Found 1-bit register for signal <x_ld>.
    Found 1-bit register for signal <d_ld>.
    Found 4-bit register for signal <CurrentState>.
    Found 4-bit register for signal <curr>.
    Found finite state machine <FSM_0> for signal <CurrentState>.
    -----------------------------------------------------------------------
    | States             | 12                                             |
    | Transitions        | 16                                             |
    | Inputs             | 5                                              |
    | Outputs            | 4                                              |
    | Clock              | clk (rising_edge)                              |
    | Power Up State     | 0000                                           |
    | Encoding           | auto                                           |
    | Implementation     | LUT                                            |
    -----------------------------------------------------------------------
    Summary:
	inferred  32 D-type flip-flop(s).
	inferred  12 Multiplexer(s).
	inferred   1 Finite State Machine(s).
Unit <Lab5_seq> synthesized.

Synthesizing Unit <Lab5>.
    Related source file is "C:\Users\Warren\Desktop\Lab5_tosubmit - Copy\Lab5_tosubmit\TestBench_AllFiles\Lab5.v".
    Summary:
	no macro.
Unit <Lab5> synthesized.

Synthesizing Unit <notequal_4bit>.
    Related source file is "C:\Users\Warren\Desktop\Lab5_tosubmit - Copy\Lab5_tosubmit\TestBench_AllFiles\notequal_4bit.v".
    Found 4-bit comparator not equal for signal <n0000> created at line 7
    Summary:
	inferred   1 Comparator(s).
Unit <notequal_4bit> synthesized.

Synthesizing Unit <lessthan_4bit>.
    Related source file is "C:\Users\Warren\Desktop\Lab5_tosubmit - Copy\Lab5_tosubmit\TestBench_AllFiles\lessthan_4bit.v".
    Found 4-bit comparator greater for signal <L_out> created at line 7
    Summary:
	inferred   1 Comparator(s).
Unit <lessthan_4bit> synthesized.

Synthesizing Unit <mux_2to1_4bit>.
    Related source file is "C:\Users\Warren\Desktop\Lab5_tosubmit - Copy\Lab5_tosubmit\TestBench_AllFiles\mux_2to1_4bit.v".
    Summary:
	inferred   1 Multiplexer(s).
Unit <mux_2to1_4bit> synthesized.

Synthesizing Unit <register_4bit>.
    Related source file is "C:\Users\Warren\Desktop\Lab5_tosubmit - Copy\Lab5_tosubmit\TestBench_AllFiles\register_4bit.v".
    Found 4-bit register for signal <R_out>.
    Summary:
	inferred   4 D-type flip-flop(s).
Unit <register_4bit> synthesized.

Synthesizing Unit <subtractor_4bit>.
    Related source file is "C:\Users\Warren\Desktop\Lab5_tosubmit - Copy\Lab5_tosubmit\TestBench_AllFiles\subtractor_4bit.v".
    Found 4-bit subtractor for signal <S_out> created at line 7.
    Summary:
	inferred   1 Adder/Subtractor(s).
Unit <subtractor_4bit> synthesized.

=========================================================================
HDL Synthesis Report

Macro Statistics
# Adders/Subtractors                                   : 2
 4-bit subtractor                                      : 2
# Registers                                            : 20
 1-bit register                                        : 12
 4-bit register                                        : 8
# Comparators                                          : 2
 4-bit comparator greater                              : 1
 4-bit comparator not equal                            : 1
# Multiplexers                                         : 14
 1-bit 2-to-1 multiplexer                              : 12
 4-bit 2-to-1 multiplexer                              : 2
# FSMs                                                 : 1

=========================================================================

=========================================================================
*                       Advanced HDL Synthesis                          *
=========================================================================


Synthesizing (advanced) Unit <Lab5>.
The following registers are absorbed into accumulator <Reg0/R_out>: 1 register on signal <Reg0/R_out>.
The following registers are absorbed into accumulator <Reg1/R_out>: 1 register on signal <Reg1/R_out>.
Unit <Lab5> synthesized (advanced).

=========================================================================
Advanced HDL Synthesis Report

Macro Statistics
# Adders/Subtractors                                   : 2
 4-bit subtractor                                      : 2
# Accumulators                                         : 2
 4-bit down loadable accumulator                       : 2
# Registers                                            : 36
 Flip-Flops                                            : 36
# Comparators                                          : 2
 4-bit comparator greater                              : 1
 4-bit comparator not equal                            : 1
# Multiplexers                                         : 14
 1-bit 2-to-1 multiplexer                              : 12
 4-bit 2-to-1 multiplexer                              : 2
# FSMs                                                 : 1

=========================================================================

=========================================================================
*                         Low Level Synthesis                           *
=========================================================================
Analyzing FSM <MFsm> for best encoding.
Optimizing FSM <FSM_0> on signal <CurrentState[1:4]> with user encoding.
-------------------
 State | Encoding
-------------------
 0000  | 0000
 0001  | 0001
 0010  | 0010
 0011  | 0011
 0100  | 0100
 0101  | 0101
 1011  | 1011
 0110  | 0110
 1000  | 1000
 0111  | 0111
 1001  | 1001
 1100  | 1100
-------------------

Optimizing unit <Lab5_seq> ...

Optimizing unit <Lab5> ...

Mapping all equations...
Building and optimizing final netlist ...
Found area constraint ratio of 100 (+ 5) on block Lab5_seq, actual ratio is 0.

Final Macro Processing ...

=========================================================================
Final Register Report

Macro Statistics
# Registers                                            : 48
 Flip-Flops                                            : 48

=========================================================================

=========================================================================
*                           Partition Report                            *
=========================================================================

Partition Implementation Status
-------------------------------

  No Partitions were found in this design.

-------------------------------

=========================================================================
*                            Design Summary                             *
=========================================================================

Top Level Output File Name         : Lab5_seq.ngc

Primitive and Black Box Usage:
------------------------------
# BELS                             : 49
#      INV                         : 1
#      LUT2                        : 2
#      LUT3                        : 2
#      LUT4                        : 15
#      LUT5                        : 8
#      LUT6                        : 21
# FlipFlops/Latches                : 48
#      FD                          : 36
#      FDRE                        : 8
#      FDRE_1                      : 4
# Clock Buffers                    : 1
#      BUFGP                       : 1
# IO Buffers                       : 41
#      IBUF                        : 10
#      OBUF                        : 31

Device utilization summary:
---------------------------

Selected Device : 6slx45csg484-3 


Slice Logic Utilization: 
 Number of Slice Registers:              48  out of  54576     0%  
 Number of Slice LUTs:                   49  out of  27288     0%  
    Number used as Logic:                49  out of  27288     0%  

Slice Logic Distribution: 
 Number of LUT Flip Flop pairs used:     73
   Number with an unused Flip Flop:      25  out of     73    34%  
   Number with an unused LUT:            24  out of     73    32%  
   Number of fully used LUT-FF pairs:    24  out of     73    32%  
   Number of unique control sets:         4

IO Utilization: 
 Number of IOs:                          42
 Number of bonded IOBs:                  42  out of    320    13%  

Specific Feature Utilization:
 Number of BUFG/BUFGCTRLs:                1  out of     16     6%  

---------------------------
Partition Resource Summary:
---------------------------

  No Partitions were found in this design.

---------------------------


=========================================================================
Timing Report

NOTE: THESE TIMING NUMBERS ARE ONLY A SYNTHESIS ESTIMATE.
      FOR ACCURATE TIMING INFORMATION PLEASE REFER TO THE TRACE REPORT
      GENERATED AFTER PLACE-and-ROUTE.

Clock Information:
------------------
-----------------------------------+------------------------+-------+
Clock Signal                       | Clock buffer(FF name)  | Load  |
-----------------------------------+------------------------+-------+
clk                                | BUFGP                  | 48    |
-----------------------------------+------------------------+-------+

Asynchronous Control Signals Information:
----------------------------------------
No asynchronous control signals found in this design

Timing Summary:
---------------
Speed Grade: -3

   Minimum period: 7.253ns (Maximum Frequency: 137.883MHz)
   Minimum input arrival time before clock: 3.998ns
   Maximum output required time after clock: 3.762ns
   Maximum combinational path delay: No path found

Timing Details:
---------------
All values displayed in nanoseconds (ns)

=========================================================================
Timing constraint: Default period analysis for Clock 'clk'
  Clock period: 7.253ns (frequency: 137.883MHz)
  Total number of paths / destination ports: 310 / 60
-------------------------------------------------------------------------
Delay:               3.626ns (Levels of Logic = 3)
  Source:            GCD/Reg0/R_out_1 (FF)
  Destination:       CurrentState_FSM_FFd4 (FF)
  Source Clock:      clk falling
  Destination Clock: clk rising

  Data Path: GCD/Reg0/R_out_1 to CurrentState_FSM_FFd4
                                Gate     Net
    Cell:in->out      fanout   Delay   Delay  Logical Name (Net Name)
    ----------------------------------------  ------------
     FDRE:C->Q            13   0.447   1.161  GCD/Reg0/R_out_1 (GCD/Reg0/R_out_1)
     LUT4:I1->O            2   0.205   0.617  GCD/x_lt_y11 (GCD/x_lt_y1)
     LUT5:I4->O            4   0.205   0.684  GCD/x_lt_y12 (x_lt_y)
     LUT6:I5->O            1   0.205   0.000  CurrentState_FSM_FFd1-In1 (CurrentState_FSM_FFd1-In)
     FD:D                      0.102          CurrentState_FSM_FFd1
    ----------------------------------------
    Total                      3.626ns (1.164ns logic, 2.462ns route)
                                       (32.1% logic, 67.9% route)

=========================================================================
Timing constraint: Default OFFSET IN BEFORE for Clock 'clk'
  Total number of paths / destination ports: 44 / 35
-------------------------------------------------------------------------
Offset:              3.998ns (Levels of Logic = 4)
  Source:            Y_in<2> (PAD)
  Destination:       GCD/Reg1/R_out_3 (FF)
  Destination Clock: clk falling

  Data Path: Y_in<2> to GCD/Reg1/R_out_3
                                Gate     Net
    Cell:in->out      fanout   Delay   Delay  Logical Name (Net Name)
    ----------------------------------------  ------------
     IBUF:I->O             2   1.222   0.864  Y_in_2_IBUF (Y_in_2_IBUF)
     LUT4:I0->O            2   0.203   0.617  GCD/Reg1/Maccum_R_out_lut<2>1 (GCD/Reg1/Maccum_R_out_lut<2>)
     LUT6:I5->O            1   0.205   0.580  GCD/Reg1/Maccum_R_out_xor<3>11_SW0 (N18)
     LUT5:I4->O            1   0.205   0.000  GCD/Reg1/Maccum_R_out_xor<3>11 (GCD/Result<3>1)
     FDRE:D                    0.102          GCD/Reg1/R_out_3
    ----------------------------------------
    Total                      3.998ns (1.937ns logic, 2.061ns route)
                                       (48.4% logic, 51.6% route)

=========================================================================
Timing constraint: Default OFFSET OUT AFTER for Clock 'clk'
  Total number of paths / destination ports: 31 / 31
-------------------------------------------------------------------------
Offset:              3.762ns (Levels of Logic = 1)
  Source:            Done (FF)
  Destination:       Done (PAD)
  Source Clock:      clk rising

  Data Path: Done to Done
                                Gate     Net
    Cell:in->out      fanout   Delay   Delay  Logical Name (Net Name)
    ----------------------------------------  ------------
     FD:C->Q               6   0.447   0.744  Done (Done_OBUF)
     OBUF:I->O                 2.571          Done_OBUF (Done)
    ----------------------------------------
    Total                      3.762ns (3.018ns logic, 0.744ns route)
                                       (80.2% logic, 19.8% route)

=========================================================================

Cross Clock Domains Report:
--------------------------

Clock to Setup on destination clock clk
---------------+---------+---------+---------+---------+
               | Src:Rise| Src:Fall| Src:Rise| Src:Fall|
Source Clock   |Dest:Rise|Dest:Rise|Dest:Fall|Dest:Fall|
---------------+---------+---------+---------+---------+
clk            |    3.245|    3.626|    3.472|         |
---------------+---------+---------+---------+---------+

=========================================================================


Total REAL time to Xst completion: 8.00 secs
Total CPU time to Xst completion: 8.11 secs
 
--> 

Total memory usage is 312884 kilobytes

Number of errors   :    0 (   0 filtered)
Number of warnings :    0 (   0 filtered)
Number of infos    :    0 (   0 filtered)

